<?xml version="1.0" encoding="utf-8"?><testsuites name="pytest tests"><testsuite name="pytest" errors="0" failures="0" skipped="0" tests="104" time="48.086" timestamp="2025-11-29T21:32:02.205011-03:00" hostname="DESKTOP-D94TGDM"><testcase classname="medify_web.test.test_config" name="test_banco_dados_funcionando" time="1.444" /><testcase classname="medify_web.test.test_profile_edit" name="test_perfil_paciente_post_updates" time="1.102" /><testcase classname="medify_web.test.test_profile_edit" name="test_editar_perfil_profissional_post_updates" time="1.134" /><testcase classname="medify_web.test.test_responsividade.TestResponsividade" name="test_layout_mobile_headers" time="0.086" /><testcase classname="medify_web.test.test_responsividade.TestResponsividade" name="test_layout_mobile_css" time="0.009" /><testcase classname="medify_web.test.test_responsividade.TestResponsividade" name="test_layout_mobile_elementos_criticos" time="0.012" /><testcase classname="medify_web.test.test_responsividade.TestResponsividade" name="test_navegacao_mobile" time="0.019" /><testcase classname="medify_web.test.test_responsividade.TestResponsividade" name="test_responsividade_sem_sobreposicao" time="0.009" /><testcase classname="medify_web.test.test_views_auth" name="test_auth_view_login_success_patient" time="0.022" /><testcase classname="medify_web.test.test_views_auth" name="test_auth_view_login_invalid_credentials" time="0.013" /><testcase classname="medify_web.test.test_views_auth" name="test_cadastrar_view_creates_paciente_and_profissional" time="0.020" /><testcase classname="medify_web.test.test_views_auth" name="test_esqueci_senha_post_success_and_failure" time="0.020" /><testcase classname="medify_web.test.test_views_auth" name="test_alterar_senha_view_success" time="0.019" /><testcase classname="medify_web.test.test_views_auth" name="test_auth_view_detects_medico_via_clinicas_and_redirects" time="0.021" /><testcase classname="medify_web.test.test_views_clinica" name="test_dashboard_clinica_requires_session" time="0.011" /><testcase classname="medify_web.test.test_views_clinica" name="test_dashboard_clinica_not_found_redirects" time="0.016" /><testcase classname="medify_web.test.test_views_clinica" name="test_dashboard_clinica_get_renders" time="0.014" /><testcase classname="medify_web.test.test_views_clinica" name="test_dashboard_clinica_post_updates_and_redirects" time="0.016" /><testcase classname="medify_web.test.test_views_clinica" name="test_perfil_medico_clinica_found_in_clinicas" time="0.031" /><testcase classname="medify_web.test.test_views_clinica" name="test_upload_profile_photo_clinica_json_updates" time="0.017" /><testcase classname="medify_web.test.test_views_consultas" name="test_agendar_consulta_clinica_creates_and_redirects" time="2.681" /><testcase classname="medify_web.test.test_views_consultas" name="test_remarcar_consulta_deletes_old_and_frees_slot" time="3.432" /><testcase classname="medify_web.test.test_views_consultas" name="test_atualizar_consulta_via_ajax_success" time="0.021" /><testcase classname="medify_web.test.test_views_consultas" name="test_cancelar_consulta_patient_success" time="0.016" /><testcase classname="medify_web.test.test_views_consultas" name="test_deletar_consulta_permanente_by_patient_and_by_other" time="1.003" /><testcase classname="medify_web.test.test_views_consultas" name="test_deletar_todas_consultas_patient" time="0.022" /><testcase classname="medify_web.test.test_views_consultas" name="test_cancelar_consulta_not_found_or_session_expired" time="0.582" /><testcase classname="medify_web.test.test_views_consultas" name="test_agendar_incomplete_data_redirects" time="0.017" /><testcase classname="medify_web.test.test_views_paciente" name="test_dashboard_paciente_renders_with_data" time="0.067" /><testcase classname="medify_web.test.test_views_paciente" name="test_upload_profile_photo_json_payload" time="0.031" /><testcase classname="medify_web.test.test_views_profissionais" name="test_editar_perfil_profissional_success" time="0.029" /><testcase classname="medify_web.test.test_views_profissionais" name="test_editar_perfil_profissional_db_fail_cleanup" time="0.033" /><testcase classname="medify_web.test.test_views_profissionais" name="test_dashboard_add_horario_post" time="0.042" /><testcase classname="medify_web.test.test_views_profissionais" name="test_deletar_horario_post" time="0.079" /><testcase classname="medify_web.test.test_api_users.TestFirebaseUserAPI" name="test_criar_paciente_firebase" time="0.408" /><testcase classname="medify_web.test.test_api_users.TestFirebaseUserAPI" name="test_nao_permitir_email_duplicado" time="0.005" /><testcase classname="medify_web.test.test_api_users.TestFirebaseUserAPI" name="test_obter_paciente_inexistente" time="0.190" /><testcase classname="medify_web.test.test_api_users.TestFirebaseUserAPI" name="test_editar_paciente_firebase" time="0.780" /><testcase classname="medify_web.test.test_authentication.TestFirebaseAuthentication" name="test_login_credenciais_validas" time="0.524" /><testcase classname="medify_web.test.test_authentication.TestFirebaseAuthentication" name="test_login_senha_incorreta" time="0.435" /><testcase classname="medify_web.test.test_cache_module" name="test_cache_decorator_caches_and_expires" time="0.005" /><testcase classname="medify_web.test.test_config" name="test_django_configurado" time="0.004" /><testcase classname="medify_web.test.test_config" name="test_urls_carregadas" time="0.005" /><testcase classname="medify_web.test.test_especialidades" name="test_normalize_string_removes_accents_and_lowercases" time="0.006" /><testcase classname="medify_web.test.test_especialidades" name="test_levenshtein_distance_basic" time="0.005" /><testcase classname="medify_web.test.test_especialidades" name="test_find_best_match_mappings_and_variations" time="0.005" /><testcase classname="medify_web.test.test_especialidades" name="test_corrigir_especialidade_and_get_list" time="0.004" /><testcase classname="medify_web.test.test_firebase_services" name="test_tudo_firebase_services" time="0.045" /><testcase classname="medify_web.test.test_firebase_services" name="test_listar_clinicas_and_listar_pacientes" time="0.013" /><testcase classname="medify_web.test.test_firebase_services" name="test_obter_paciente_and_obter_clinica" time="0.009" /><testcase classname="medify_web.test.test_firebase_services" name="test_criar_consulta_autonomo_and_obter_consulta" time="0.011" /><testcase classname="medify_web.test.test_firebase_services" name="test_listar_profissionais_and_obter_profissional" time="0.012" /><testcase classname="medify_web.test.test_firebase_services" name="test_horarios_mark_and_list" time="0.016" /><testcase classname="medify_web.test.test_firebase_services_more" name="test_enviar_email_redefinicao_and_alterar_senha_error" time="0.005" /><testcase classname="medify_web.test.test_firebase_services_more" name="test_timed_cache_decorator" time="1.107" /><testcase classname="medify_web.test.test_firebase_services_more" name="test_obter_clinica_handles_exception" time="0.007" /><testcase classname="medify_web.test.test_firebase_services_more" name="test_atualizar_profissional_fallback_to_set" time="0.008" /><testcase classname="medify_web.test.test_firebase_services_unit" name="test_safe_snapshot_dict_with_valid_doc" time="0.004" /><testcase classname="medify_web.test.test_firebase_services_unit" name="test_listar_medicos_clinicas_filters_and_normalizes" time="0.006" /><testcase classname="medify_web.test.test_firebase_services_unit" name="test_is_medico_profile_complete_and_mark" time="0.005" /><testcase classname="medify_web.test.test_firebase_services_unit" name="test_criar_consulta_autonomo_validation_and_success" time="0.006" /><testcase classname="medify_web.test.test_firebase_services_unit" name="test_obter_consulta_prefers_consultas_clinicas" time="0.005" /><testcase classname="medify_web.test.test_firebase_services_unit" name="test_marcar_horario_reservado_and_disponivel" time="0.005" /><testcase classname="medify_web.test.test_firebase_services_unit" name="test_remover_consultas_por_chave" time="0.005" /><testcase classname="medify_web.test.test_firebase_services_unit" name="test_enviar_email_and_alterar_senha_mock_requests" time="0.006" /><testcase classname="medify_web.test.test_firebase_services_unit" name="test_atualizar_profissional_and_clinica_fallback" time="0.005" /><testcase classname="medify_web.test.test_firebase_services_unit" name="test_obter_clinica_and_por_recepcionista" time="0.006" /><testcase classname="medify_web.test.test_firebase_services_unit" name="test_criar_consulta_clinica_and_autonomo" time="0.006" /><testcase classname="medify_web.test.test_firebase_services_unit" name="test_deletar_consulta_completa_and_marcar_cancelada" time="0.006" /><testcase classname="medify_web.test.test_firebase_services_unit" name="test_finalizar_consultas_passadas" time="0.018" /><testcase classname="medify_web.test.test_firebase_services_unit" name="test_finalizar_consultas_various_formats_updates_subcollections" time="0.006" /><testcase classname="medify_web.test.test_firebase_services_unit" name="test_crud_pacientes_profissionais_clinicas_horarios" time="0.007" /><testcase classname="medify_web.test.test_firebase_services_unit" name="test_finalizar_consultas_only_past" time="0.006" /><testcase classname="medify_web.test.test_firebase_services_unit" name="test_deletar_consulta_completa_removes_subcollections" time="0.006" /><testcase classname="medify_web.test.test_firebase_services_unit" name="test_deletar_consulta_completa_not_found_returns_false" time="0.005" /><testcase classname="medify_web.test.test_firebase_services_unit" name="test_obter_consulta_autonomo_fallback" time="0.006" /><testcase classname="medify_web.test.test_firebase_services_unit" name="test_marcar_consulta_cancelada_updates_subcollections" time="0.005" /><testcase classname="medify_web.test.test_middleware_session_security" name="test_middleware_keeps_session_and_sets_cache_headers" time="0.005" /><testcase classname="medify_web.test.test_middleware_session_security" name="test_middleware_idle_timeout_triggers_redirect" time="0.006" /><testcase classname="medify_web.test.test_middleware_session_security" name="test_middleware_absolute_timeout_triggers_redirect" time="0.009" /><testcase classname="medify_web.test.test_middleware_session_security" name="test_middleware_expires_absolute" time="0.007" /><testcase classname="medify_web.test.test_middleware_session_security" name="test_middleware_updates_last_activity" time="0.007" /><testcase classname="medify_web.test.test_password_utils" name="test_validate_password_cases[short-False-8]" time="0.006" /><testcase classname="medify_web.test.test_password_utils" name="test_validate_password_cases[NOLOWER123!-False-min\xfascula]" time="0.007" /><testcase classname="medify_web.test.test_password_utils" name="test_validate_password_cases[noupper123!-False-mai\xfascula]" time="0.006" /><testcase classname="medify_web.test.test_password_utils" name="test_validate_password_cases[NoNumber!!-False-n\xfamero]" time="0.008" /><testcase classname="medify_web.test.test_password_utils" name="test_validate_password_cases[NoSpecial123-False-caractere especial]" time="0.005" /><testcase classname="medify_web.test.test_password_utils" name="test_validate_password_cases[Senha123!-True-None]" time="0.007" /><testcase classname="medify_web.test.test_photo_merged" name="test_tudo_photo_merged" time="0.220" /><testcase classname="medify_web.test.test_upload_utils" name="test_validar_foto_none_returns_false" time="0.004" /><testcase classname="medify_web.test.test_upload_utils" name="test_validar_foto_size_and_extension_and_mime" time="0.007" /><testcase classname="medify_web.test.test_upload_utils" name="test_validar_foto_with_pillow_monkeypatch" time="0.209" /><testcase classname="medify_web.test.test_upload_utils" name="test_salvar_and_delete_media" time="0.012" /><testcase classname="medify_web.test.test_upload_utils" name="test_delete_media_none_returns_true" time="0.005" /><testcase classname="medify_web.test.test_views_module" name="test_visualizar_prontuario_no_auth" time="0.005" /><testcase classname="medify_web.test.test_views_module" name="test_visualizar_prontuario_not_found" time="0.005" /><testcase classname="medify_web.test.test_views_module" name="test_visualizar_prontuario_found" time="0.006" /><testcase classname="medify_web.test.test_views_module" name="test_editar_prontuario_post_success" time="0.007" /><testcase classname="medify_web.test.test_views_module" name="test_excluir_prontuario_post" time="27.451" /><testcase classname="medify_web.test.test_views_module" name="test_criar_prontuario_redirect_on_no_auth" time="0.011" /><testcase classname="medify_web.test.test_views_module" name="test_criar_prontuario_post_creates" time="0.556" /><testcase classname="medify_web.test.test_views_module" name="test_verAgenda_debug" time="0.899" /><testcase classname="medify_web.test.test_views_module" name="test_index" time="0.010" /><testcase classname="medify_web.test.test_views_paciente" name="test_dashboard_paciente_requires_auth" time="0.026" /></testsuite></testsuites>