<?xml version="1.0" encoding="utf-8"?><testsuites name="pytest tests"><testsuite name="pytest" errors="0" failures="0" skipped="0" tests="177" time="83.057" timestamp="2025-11-30T00:09:57.080390-03:00" hostname="DESKTOP-D94TGDM"><testcase classname="medify_web.test.test_config" name="test_banco_dados_funcionando" time="3.976" /><testcase classname="medify_web.test.test_profile_edit" name="test_perfil_paciente_post_updates" time="5.709" /><testcase classname="medify_web.test.test_profile_edit" name="test_editar_perfil_profissional_post_updates" time="5.698" /><testcase classname="medify_web.test.test_responsividade.TestResponsividade" name="test_layout_mobile_headers" time="0.433" /><testcase classname="medify_web.test.test_responsividade.TestResponsividade" name="test_layout_mobile_css" time="0.055" /><testcase classname="medify_web.test.test_responsividade.TestResponsividade" name="test_layout_mobile_elementos_criticos" time="0.109" /><testcase classname="medify_web.test.test_responsividade.TestResponsividade" name="test_navegacao_mobile" time="0.121" /><testcase classname="medify_web.test.test_responsividade.TestResponsividade" name="test_responsividade_sem_sobreposicao" time="0.041" /><testcase classname="medify_web.test.test_views_auth" name="test_auth_view_login_success_patient" time="0.083" /><testcase classname="medify_web.test.test_views_auth" name="test_auth_view_login_invalid_credentials" time="0.050" /><testcase classname="medify_web.test.test_views_auth" name="test_cadastrar_view_creates_paciente_and_profissional" time="0.143" /><testcase classname="medify_web.test.test_views_auth" name="test_esqueci_senha_post_success_and_failure" time="0.052" /><testcase classname="medify_web.test.test_views_auth" name="test_alterar_senha_view_success" time="0.098" /><testcase classname="medify_web.test.test_views_auth" name="test_auth_view_detects_medico_via_clinicas_and_redirects" time="0.064" /><testcase classname="medify_web.test.test_views_clinica" name="test_dashboard_clinica_requires_session" time="0.083" /><testcase classname="medify_web.test.test_views_clinica" name="test_dashboard_clinica_not_found_redirects" time="0.168" /><testcase classname="medify_web.test.test_views_clinica" name="test_dashboard_clinica_get_renders" time="0.067" /><testcase classname="medify_web.test.test_views_clinica" name="test_dashboard_clinica_post_updates_and_redirects" time="0.081" /><testcase classname="medify_web.test.test_views_clinica" name="test_perfil_medico_clinica_found_in_clinicas" time="0.119" /><testcase classname="medify_web.test.test_views_clinica" name="test_upload_profile_photo_clinica_json_updates" time="0.049" /><testcase classname="medify_web.test.test_views_consultas" name="test_consultaGeral_get_renders" time="0.083" /><testcase classname="medify_web.test.test_views_consultas" name="test_consultaGeral_post_unauth_redirects" time="2.710" /><testcase classname="medify_web.test.test_views_consultas" name="test_consultaGeral_post_missing_fields" time="0.910" /><testcase classname="medify_web.test.test_views_consultas" name="test_consultaGeral_post_creates_clinic_and_redirects" time="5.741" /><testcase classname="medify_web.test.test_views_consultas" name="test_atualizar_consulta_via_ajax_success" time="0.113" /><testcase classname="medify_web.test.test_views_consultas" name="test_cancelar_consulta_posts" time="0.103" /><testcase classname="medify_web.test.test_views_consultas" name="test_agendar_consulta_clinica_creates_and_redirects" time="5.303" /><testcase classname="medify_web.test.test_views_consultas" name="test_remarcar_consulta_deletes_old_and_frees_slot" time="8.014" /><testcase classname="medify_web.test.test_views_consultas" name="test_cancelar_consulta_patient_success" time="0.150" /><testcase classname="medify_web.test.test_views_consultas" name="test_deletar_consulta_permanente_by_patient_and_by_other" time="2.078" /><testcase classname="medify_web.test.test_views_consultas" name="test_deletar_todas_consultas_patient" time="0.022" /><testcase classname="medify_web.test.test_views_consultas" name="test_cancelar_consulta_not_found_or_session_expired" time="1.522" /><testcase classname="medify_web.test.test_views_consultas" name="test_agendar_incomplete_data_redirects" time="0.058" /><testcase classname="medify_web.test.test_views_paciente" name="test_dashboard_paciente_renders_with_data" time="0.159" /><testcase classname="medify_web.test.test_views_paciente" name="test_upload_profile_photo_json_payload" time="0.070" /><testcase classname="medify_web.test.test_views_profissionais" name="test_editar_perfil_profissional_success" time="0.067" /><testcase classname="medify_web.test.test_views_profissionais" name="test_editar_perfil_profissional_db_fail_cleanup" time="0.059" /><testcase classname="medify_web.test.test_views_profissionais" name="test_dashboard_add_horario_post" time="0.077" /><testcase classname="medify_web.test.test_views_profissionais" name="test_deletar_horario_post" time="0.044" /><testcase classname="medify_web.test.test_api_users.TestFirebaseUserAPI" name="test_criar_paciente_firebase" time="0.438" /><testcase classname="medify_web.test.test_api_users.TestFirebaseUserAPI" name="test_nao_permitir_email_duplicado" time="0.015" /><testcase classname="medify_web.test.test_api_users.TestFirebaseUserAPI" name="test_obter_paciente_inexistente" time="0.670" /><testcase classname="medify_web.test.test_api_users.TestFirebaseUserAPI" name="test_editar_paciente_firebase" time="1.803" /><testcase classname="medify_web.test.test_authentication.TestFirebaseAuthentication" name="test_login_credenciais_validas" time="0.705" /><testcase classname="medify_web.test.test_authentication.TestFirebaseAuthentication" name="test_login_senha_incorreta" time="0.497" /><testcase classname="medify_web.test.test_cache_module" name="test_cache_decorator_caches_and_expires" time="0.028" /><testcase classname="medify_web.test.test_config" name="test_django_configurado" time="0.075" /><testcase classname="medify_web.test.test_config" name="test_urls_carregadas" time="0.049" /><testcase classname="medify_web.test.test_especialidades" name="test_normalize_string_removes_accents_and_lowercases" time="0.063" /><testcase classname="medify_web.test.test_especialidades" name="test_levenshtein_distance_basic" time="0.026" /><testcase classname="medify_web.test.test_especialidades" name="test_find_best_match_mappings_and_variations" time="0.043" /><testcase classname="medify_web.test.test_especialidades" name="test_corrigir_especialidade_and_get_list" time="0.131" /><testcase classname="medify_web.test.test_especialidades_loteD" name="test_normalize_string_removes_accents_and_lowercases" time="0.043" /><testcase classname="medify_web.test.test_especialidades_loteD" name="test_levenshtein_distance_basic" time="0.055" /><testcase classname="medify_web.test.test_especialidades_loteD" name="test_find_best_match_direct_mapping" time="0.057" /><testcase classname="medify_web.test.test_especialidades_loteD" name="test_find_best_match_exact_and_substring" time="0.106" /><testcase classname="medify_web.test.test_especialidades_loteD" name="test_find_best_match_fuzzy_returns_none_if_no_close" time="0.197" /><testcase classname="medify_web.test.test_especialidades_loteD" name="test_corrigir_especialidade_edge_cases" time="0.101" /><testcase classname="medify_web.test.test_especialidades_loteD" name="test_get_especialidades_padronizadas_returns_list" time="0.069" /><testcase classname="medify_web.test.test_finalizar_fallbacks" name="test_finalizar_consultas_passadas_update_set_and_subcollections" time="0.203" /><testcase classname="medify_web.test.test_finalizar_more_branches" name="test_finalizar_clinicas_and_autonomos_update_set" time="0.157" /><testcase classname="medify_web.test.test_finalizar_more_branches" name="test_finalizar_autonomos_with_data_and_hora_fields" time="0.107" /><testcase classname="medify_web.test.test_finalizar_parsing_and_deletion" name="test_finalizar_with_strptime_parsing_and_subcollections" time="0.189" /><testcase classname="medify_web.test.test_finalizar_parsing_and_deletion" name="test_finalizar_with_iso_parsing_no_subcollections" time="0.174" /><testcase classname="medify_web.test.test_finalizar_parsing_and_deletion" name="test_finalizar_with_invalid_date_skips" time="0.160" /><testcase classname="medify_web.test.test_finalizar_parsing_and_deletion" name="test_deletar_consulta_completa_calls_removals" time="0.030" /><testcase classname="medify_web.test.test_firebase_services" name="test_tudo_firebase_services" time="0.854" /><testcase classname="medify_web.test.test_firebase_services" name="test_listar_clinicas_and_listar_pacientes" time="0.103" /><testcase classname="medify_web.test.test_firebase_services" name="test_obter_paciente_and_obter_clinica" time="0.186" /><testcase classname="medify_web.test.test_firebase_services" name="test_criar_consulta_autonomo_and_obter_consulta" time="0.189" /><testcase classname="medify_web.test.test_firebase_services" name="test_listar_profissionais_and_obter_profissional" time="0.124" /><testcase classname="medify_web.test.test_firebase_services" name="test_horarios_mark_and_list" time="0.123" /><testcase classname="medify_web.test.test_firebase_services_finalizar_cancelar" name="test_marcar_consulta_cancelada_updates_top_and_subcollections" time="0.059" /><testcase classname="medify_web.test.test_firebase_services_finalizar_cancelar" name="test_finalizar_consultas_passadas_marks_and_updates_subcollections" time="0.091" /><testcase classname="medify_web.test.test_firebase_services_integration" name="test_big_integration_exercises_many_paths" time="0.115" /><testcase classname="medify_web.test.test_firebase_services_loteA" name="test_listar_consultas_completas_paciente_and_enrich" time="0.038" /><testcase classname="medify_web.test.test_firebase_services_loteA" name="test_finalizar_consultas_passadas_update_set_fallback" time="0.080" /><testcase classname="medify_web.test.test_firebase_services_loteA" name="test_prontuario_crud" time="0.041" /><testcase classname="medify_web.test.test_firebase_services_loteA" name="test_horarios_and_update_set_fallback" time="0.033" /><testcase classname="medify_web.test.test_firebase_services_loteB" name="test_listar_consultas_profissional_and_paciente" time="0.035" /><testcase classname="medify_web.test.test_firebase_services_loteB" name="test_listar_consultas_por_email_and_nome" time="0.077" /><testcase classname="medify_web.test.test_firebase_services_loteB" name="test_listar_consultas_completas_paciente_email_and_name_paths" time="0.020" /><testcase classname="medify_web.test.test_firebase_services_loteB" name="test_listar_consultas_por_email_fallback_to_patient_subcollection" time="0.030" /><testcase classname="medify_web.test.test_firebase_services_loteC" name="test_listar_consultas_completas_enrichment_handles_none" time="0.055" /><testcase classname="medify_web.test.test_firebase_services_loteC" name="test_listar_consultas_por_email_patient_doc_no_id_but_to_dict_has_id" time="0.042" /><testcase classname="medify_web.test.test_firebase_services_loteC" name="test_listar_consultas_completas_by_uid_mixed_sources" time="0.051" /><testcase classname="medify_web.test.test_firebase_services_loteE" name="test_is_medico_profile_complete_checks_profile_flag" time="0.048" /><testcase classname="medify_web.test.test_firebase_services_loteE" name="test_marcar_medico_profile_completed_updates_clinica" time="0.045" /><testcase classname="medify_web.test.test_firebase_services_loteE" name="test_marcar_horario_reservado_and_disponivel" time="0.115" /><testcase classname="medify_web.test.test_firebase_services_loteE" name="test_finalizar_consultas_passadas_updates_and_returns_count" time="0.210" /><testcase classname="medify_web.test.test_firebase_services_loteF" name="test_atualizar_profissional_and_clinica_fallback_to_set" time="0.026" /><testcase classname="medify_web.test.test_firebase_services_loteF" name="test_deletar_consulta_completa_triggers_subcollection_and_markers" time="0.036" /><testcase classname="medify_web.test.test_firebase_services_loteF" name="test_obter_consulta_parses_data_consulta_and_normalizes" time="0.069" /><testcase classname="medify_web.test.test_firebase_services_loteG" name="test_marcar_consulta_cancelada_uses_set_when_update_fails" time="0.058" /><testcase classname="medify_web.test.test_firebase_services_loteG" name="test_finalizar_consultas_passadas_handles_multiple_formats_and_fallbacks" time="0.069" /><testcase classname="medify_web.test.test_firebase_services_loteH" name="test_remover_consultas_por_chave_removes_both_sides" time="0.020" /><testcase classname="medify_web.test.test_firebase_services_loteH" name="test_listar_medicos_clinicas_filters_and_normalizes" time="0.056" /><testcase classname="medify_web.test.test_firebase_services_loteH" name="test_listar_funcionarios_handles_subcollection" time="0.187" /><testcase classname="medify_web.test.test_firebase_services_loteH" name="test_obter_clinica_por_recepcionista_returns_doc_with_id" time="0.095" /><testcase classname="medify_web.test.test_firebase_services_loteI" name="test_safe_snapshot_dict_handles_none_and_non_snapshot" time="0.041" /><testcase classname="medify_web.test.test_firebase_services_loteI" name="test_safe_snapshot_preserves_inner_id" time="0.053" /><testcase classname="medify_web.test.test_firebase_services_loteI" name="test_deletar_horario_profissional_failure" time="0.025" /><testcase classname="medify_web.test.test_firebase_services_loteI" name="test_deletar_horario_profissional_success" time="0.056" /><testcase classname="medify_web.test.test_firebase_services_more" name="test_enviar_email_redefinicao_and_alterar_senha_error" time="0.043" /><testcase classname="medify_web.test.test_firebase_services_more" name="test_timed_cache_decorator" time="1.152" /><testcase classname="medify_web.test.test_firebase_services_more" name="test_obter_clinica_handles_exception" time="0.066" /><testcase classname="medify_web.test.test_firebase_services_more" name="test_atualizar_profissional_fallback_to_set" time="0.035" /><testcase classname="medify_web.test.test_firebase_services_more2" name="test_deletar_consulta_completa_top_and_subcollections" time="0.049" /><testcase classname="medify_web.test.test_firebase_services_more2" name="test_listar_consultas_profissional_and_paciente_normalization" time="0.082" /><testcase classname="medify_web.test.test_firebase_services_more2" name="test_criar_consulta_clinica_creates_and_returns_id" time="0.043" /><testcase classname="medify_web.test.test_firebase_services_more3" name="test_safe_snapshot_dict_none_and_bad" time="0.037" /><testcase classname="medify_web.test.test_firebase_services_more3" name="test_listar_medicos_clinicas_cache_and_filter" time="0.042" /><testcase classname="medify_web.test.test_firebase_services_more3" name="test_is_medico_profile_complete_false_and_true" time="0.103" /><testcase classname="medify_web.test.test_firebase_services_more3" name="test_marcar_medico_profile_completed_updates" time="0.034" /><testcase classname="medify_web.test.test_firebase_services_unit" name="test_safe_snapshot_dict_with_valid_doc" time="0.047" /><testcase classname="medify_web.test.test_firebase_services_unit" name="test_listar_medicos_clinicas_filters_and_normalizes" time="0.079" /><testcase classname="medify_web.test.test_firebase_services_unit" name="test_is_medico_profile_complete_and_mark" time="0.048" /><testcase classname="medify_web.test.test_firebase_services_unit" name="test_criar_consulta_autonomo_validation_and_success" time="0.087" /><testcase classname="medify_web.test.test_firebase_services_unit" name="test_obter_consulta_prefers_consultas_clinicas" time="0.050" /><testcase classname="medify_web.test.test_firebase_services_unit" name="test_marcar_horario_reservado_and_disponivel" time="0.038" /><testcase classname="medify_web.test.test_firebase_services_unit" name="test_remover_consultas_por_chave" time="0.097" /><testcase classname="medify_web.test.test_firebase_services_unit" name="test_enviar_email_and_alterar_senha_mock_requests" time="0.118" /><testcase classname="medify_web.test.test_firebase_services_unit" name="test_atualizar_profissional_and_clinica_fallback" time="0.060" /><testcase classname="medify_web.test.test_firebase_services_unit" name="test_obter_clinica_and_por_recepcionista" time="0.040" /><testcase classname="medify_web.test.test_firebase_services_unit" name="test_criar_consulta_clinica_and_autonomo" time="0.018" /><testcase classname="medify_web.test.test_firebase_services_unit" name="test_deletar_consulta_completa_and_marcar_cancelada" time="0.033" /><testcase classname="medify_web.test.test_firebase_services_unit" name="test_finalizar_consultas_passadas" time="0.041" /><testcase classname="medify_web.test.test_firebase_services_unit" name="test_finalizar_consultas_various_formats_updates_subcollections" time="0.043" /><testcase classname="medify_web.test.test_firebase_services_unit" name="test_crud_pacientes_profissionais_clinicas_horarios" time="0.037" /><testcase classname="medify_web.test.test_firebase_services_unit" name="test_finalizar_consultas_only_past" time="0.031" /><testcase classname="medify_web.test.test_firebase_services_unit" name="test_deletar_consulta_completa_removes_subcollections" time="0.031" /><testcase classname="medify_web.test.test_firebase_services_unit" name="test_deletar_consulta_completa_not_found_returns_false" time="0.042" /><testcase classname="medify_web.test.test_firebase_services_unit" name="test_obter_consulta_autonomo_fallback" time="0.017" /><testcase classname="medify_web.test.test_firebase_services_unit" name="test_marcar_consulta_cancelada_updates_subcollections" time="0.028" /><testcase classname="medify_web.test.test_firebase_services_utils" name="test_enviar_email_redefinicao_success" time="0.027" /><testcase classname="medify_web.test.test_firebase_services_utils" name="test_alterar_senha_com_token_success_and_error" time="0.025" /><testcase classname="medify_web.test.test_firebase_services_utils" name="test_safe_snapshot_and_listar_medicos_edgecases" time="0.063" /><testcase classname="medify_web.test.test_middleware_session_security" name="test_middleware_keeps_session_and_sets_cache_headers" time="0.040" /><testcase classname="medify_web.test.test_middleware_session_security" name="test_middleware_idle_timeout_triggers_redirect" time="0.045" /><testcase classname="medify_web.test.test_middleware_session_security" name="test_middleware_absolute_timeout_triggers_redirect" time="0.038" /><testcase classname="medify_web.test.test_middleware_session_security" name="test_middleware_expires_absolute" time="0.111" /><testcase classname="medify_web.test.test_middleware_session_security" name="test_middleware_updates_last_activity" time="0.050" /><testcase classname="medify_web.test.test_password_utils" name="test_validate_password_cases[short-False-8]" time="0.034" /><testcase classname="medify_web.test.test_password_utils" name="test_validate_password_cases[NOLOWER123!-False-min\xfascula]" time="0.029" /><testcase classname="medify_web.test.test_password_utils" name="test_validate_password_cases[noupper123!-False-mai\xfascula]" time="0.085" /><testcase classname="medify_web.test.test_password_utils" name="test_validate_password_cases[NoNumber!!-False-n\xfamero]" time="0.039" /><testcase classname="medify_web.test.test_password_utils" name="test_validate_password_cases[NoSpecial123-False-caractere especial]" time="0.032" /><testcase classname="medify_web.test.test_password_utils" name="test_validate_password_cases[Senha123!-True-None]" time="0.029" /><testcase classname="medify_web.test.test_photo_merged" name="test_tudo_photo_merged" time="0.432" /><testcase classname="medify_web.test.test_remover_and_cache" name="test_remover_consultas_por_paciente_and_filters" time="0.018" /><testcase classname="medify_web.test.test_remover_and_cache" name="test_remover_consultas_by_profissional_only" time="0.040" /><testcase classname="medify_web.test.test_remover_and_cache" name="test_timed_cache_hit_and_miss" time="0.069" /><testcase classname="medify_web.test.test_requests_and_snapshot" name="test_enviar_email_redefinicao_success" time="0.024" /><testcase classname="medify_web.test.test_requests_and_snapshot" name="test_alterar_senha_com_token_success_and_failure" time="0.043" /><testcase classname="medify_web.test.test_requests_and_snapshot" name="test_safe_snapshot_dict_variants" time="0.068" /><testcase classname="medify_web.test.test_requests_and_snapshot" name="test_listar_medicos_clinicas_filters_and_normalization" time="0.035" /><testcase classname="medify_web.test.test_update_set_fallbacks" name="test_atualizar_profissional_fallback" time="0.025" /><testcase classname="medify_web.test.test_update_set_fallbacks" name="test_atualizar_clinica_fallback" time="0.022" /><testcase classname="medify_web.test.test_upload_utils" name="test_validar_foto_none_returns_false" time="0.031" /><testcase classname="medify_web.test.test_upload_utils" name="test_validar_foto_size_and_extension_and_mime" time="0.046" /><testcase classname="medify_web.test.test_upload_utils" name="test_validar_foto_with_pillow_monkeypatch" time="1.127" /><testcase classname="medify_web.test.test_upload_utils" name="test_salvar_and_delete_media" time="0.133" /><testcase classname="medify_web.test.test_upload_utils" name="test_delete_media_none_returns_true" time="0.025" /><testcase classname="medify_web.test.test_views_auth" name="test_esqueci_senha_post_sends" time="0.063" /><testcase classname="medify_web.test.test_views_auth" name="test_alterar_senha_redirects_when_no_token" time="0.047" /><testcase classname="medify_web.test.test_views_auth" name="test_cadastrar_with_invalid_password" time="0.072" /><testcase classname="medify_web.test.test_views_auth" name="test_logout_redirects" time="0.042" /><testcase classname="medify_web.test.test_views_module" name="test_visualizar_prontuario_no_auth" time="0.062" /><testcase classname="medify_web.test.test_views_module" name="test_visualizar_prontuario_not_found" time="0.029" /><testcase classname="medify_web.test.test_views_module" name="test_visualizar_prontuario_found" time="0.091" /><testcase classname="medify_web.test.test_views_module" name="test_editar_prontuario_post_success" time="0.030" /><testcase classname="medify_web.test.test_views_module" name="test_excluir_prontuario_post" time="0.035" /><testcase classname="medify_web.test.test_views_module" name="test_criar_prontuario_redirect_on_no_auth" time="0.078" /><testcase classname="medify_web.test.test_views_module" name="test_criar_prontuario_post_creates" time="0.031" /><testcase classname="medify_web.test.test_views_module" name="test_verAgenda_debug" time="0.051" /><testcase classname="medify_web.test.test_views_module" name="test_index" time="0.046" /><testcase classname="medify_web.test.test_views_paciente" name="test_dashboard_paciente_requires_auth" time="0.180" /></testsuite></testsuites>